[debug] [2026-03-09T06:37:47.792Z] ----------------------------------------------------------------------
[debug] [2026-03-09T06:37:47.796Z] Command:       C:\Program Files\nodejs\node.exe C:\Users\sanjay theegala\AppData\Roaming\npm\node_modules\firebase-tools\lib\bin\firebase.js login --no-localhost
[debug] [2026-03-09T06:37:47.797Z] CLI Version:   13.34.0
[debug] [2026-03-09T06:37:47.797Z] Platform:      win32
[debug] [2026-03-09T06:37:47.797Z] Node Version:  v24.13.1
[debug] [2026-03-09T06:37:47.797Z] Time:          Mon Mar 09 2026 12:07:47 GMT+0530 (India Standard Time)
[debug] [2026-03-09T06:37:47.797Z] ----------------------------------------------------------------------
[debug] 
[debug] [2026-03-09T06:37:47.800Z] >>> [apiv2][query] GET https://firebase-public.firebaseio.com/cli.json [none]
[info] i  Firebase optionally collects CLI and Emulator Suite usage and error reporting information to help improve our products. Data is collected in accordance with Google's privacy policy (https://policies.google.com/privacy) and is not used to identify you.
 
[debug] [2026-03-09T06:37:48.612Z] <<< [apiv2][status] GET https://firebase-public.firebaseio.com/cli.json 200
[debug] [2026-03-09T06:37:48.613Z] <<< [apiv2][body] GET https://firebase-public.firebaseio.com/cli.json {"cloudBuildErrorAfter":1594252800000,"cloudBuildWarnAfter":1590019200000,"defaultNode10After":1594252800000,"minVersion":"3.0.5","node8DeploysDisabledAfter":1613390400000,"node8RuntimeDisabledAfter":1615809600000,"node8WarnAfter":1600128000000}
[debug] [2026-03-09T06:38:08.561Z] ----------------------------------------------------------------------
[debug] [2026-03-09T06:38:08.565Z] Command:       C:\Program Files\nodejs\node.exe C:\Users\sanjay theegala\AppData\Roaming\npm\node_modules\firebase-tools\lib\bin\firebase.js login
[debug] [2026-03-09T06:38:08.565Z] CLI Version:   13.34.0
[debug] [2026-03-09T06:38:08.565Z] Platform:      win32
[debug] [2026-03-09T06:38:08.565Z] Node Version:  v24.13.1
[debug] [2026-03-09T06:38:08.566Z] Time:          Mon Mar 09 2026 12:08:08 GMT+0530 (India Standard Time)
[debug] [2026-03-09T06:38:08.566Z] ----------------------------------------------------------------------
[debug] 
[info] i  Firebase optionally collects CLI and Emulator Suite usage and error reporting information to help improve our products. Data is collected in accordance with Google's privacy policy (https://policies.google.com/privacy) and is not used to identify you.
 
[info] i  To change your data collection preference at any time, run `firebase logout` and log in again. 
[info] 
[info] Visit this URL on this device to log in:
[info] https://accounts.google.com/o/oauth2/auth?client_id=563584335869-fgrhgmd47bqnekij5i8b5pr03ho849e6.apps.googleusercontent.com&scope=email%20openid%20https%3A%2F%2Fwww.googleapis.com%2Fauth%2Fcloudplatformprojects.readonly%20https%3A%2F%2Fwww.googleapis.com%2Fauth%2Ffirebase%20https%3A%2F%2Fwww.googleapis.com%2Fauth%2Fcloud-platform&response_type=code&state=518958492&redirect_uri=http%3A%2F%2Flocalhost%3A9005
[info] 
[info] Waiting for authentication...
